<?xml version="1.0" encoding="UTF-8"?>
<!-- Generated by org.testng.reporters.JUnitReportReporter -->
<testsuite hostname="DELL-PC" name="com.maven.seleniumjava.SeleniumTestNG" tests="1" failures="0" timestamp="23 Jan 2018 11:46:47 GMT" time="0.013" errors="0">
  <testcase name="firstMethod" time="0.013" classname="com.maven.seleniumjava.SeleniumTestNG"/>
</testsuite> <!-- com.maven.seleniumjava.SeleniumTestNG -->
