<?xml version="1.0" encoding="UTF-8"?>
<!-- Generated by org.testng.reporters.JUnitReportReporter -->
<testsuite skipped="0" hostname="DELL-PC" name="com.SeleniumDemo.Driver.SeleniumDemo" tests="1" failures="0" timestamp="06 Mar 2018 10:13:24 GMT" time="39.695" errors="0">
  <testcase name="testFacebooklogin" time="39.695" classname="com.SeleniumDemo.Driver.SeleniumDemo"/>
</testsuite> <!-- com.SeleniumDemo.Driver.SeleniumDemo -->
