<?xml version="1.0" encoding="UTF-8"?>
<!-- Generated by org.testng.reporters.JUnitReportReporter -->
<testsuite skipped="0" hostname="DELL-PC" name="com.SeleniumDemo.Driver.SeleniumDemo" tests="1" failures="0" timestamp="22 Jan 2018 11:26:32 GMT" time="14.425" errors="0">
  <testcase name="testFacebooklogin" time="14.425" classname="com.SeleniumDemo.Driver.SeleniumDemo"/>
</testsuite> <!-- com.SeleniumDemo.Driver.SeleniumDemo -->
